<?xml version="1.0" encoding="UTF-8"?>
<!-- Generated by org.testng.reporters.JUnitReportReporter -->
<testsuite skipped="0" hostname="Yuvaraj" name="org.stepdefinition.TestngFB" tests="2" failures="0" timestamp="14 Aug 2020 14:26:59 GMT" time="43.179" errors="0">
  <testcase name="createLead" time="20.909" classname="org.stepdefinition.TestngFB"/>
  <testcase name="createLead" time="22.270" classname="org.stepdefinition.TestngFB"/>
</testsuite> <!-- org.stepdefinition.TestngFB -->
