<?xml version="1.0" encoding="UTF-8"?>
<!-- Generated by org.testng.reporters.JUnitReportReporter -->
<testsuite skipped="0" hostname="Yuvaraj" name="org.stepdefinition.TestngFB" tests="2" failures="0" timestamp="17 Aug 2020 14:00:33 GMT" time="53.685" errors="0">
  <testcase name="createLead" time="29.340" classname="org.stepdefinition.TestngFB"/>
  <testcase name="createLead" time="24.345" classname="org.stepdefinition.TestngFB"/>
</testsuite> <!-- org.stepdefinition.TestngFB -->
