<?xml version="1.0" encoding="UTF-8"?>
<!-- Generated by org.testng.reporters.JUnitReportReporter -->
<testsuite skipped="0" hostname="Yuvaraj" name="org.testng.sampletestng" tests="2" failures="0" timestamp="14 Aug 2020 14:08:27 GMT" time="0.321" errors="0">
  <testcase name="run2" time="0.165" classname="org.testng.sampletestng"/>
  <testcase name="run1" time="0.156" classname="org.testng.sampletestng"/>
</testsuite> <!-- org.testng.sampletestng -->
